1731548288.804511 client started (12387): version 3.4, socket /private/tmp/tmux-501/default, protocol 8
1731548288.804597 on Darwin 24.1.0 Darwin Kernel Version 24.1.0: Thu Oct 10 21:05:23 PDT 2024; root:xnu-11215.41.3~2/RELEASE_ARM64_T6031
1731548288.804614 using libevent 2.1.12-stable select
1731548288.805335 using utf8proc 2.9.0
1731548288.805363 using ncurses 6.5 20240427
1731548288.805406 flags are 0x10010000
1731548288.805425 socket is /private/tmp/tmux-501/default
1731548288.805451 trying connect
1731548288.805554 add peer 0x138008000: 6 (0x0)
1731548288.807616 sending message 100 to peer 0x138008000 (4 bytes)
1731548288.807631 sending message 111 to peer 0x138008000 (8 bytes)
1731548288.807638 sending message 101 to peer 0x138008000 (14 bytes)
1731548288.807644 sending message 109 to peer 0x138008000 (4 bytes)
1731548288.807650 sending message 102 to peer 0x138008000 (13 bytes)
1731548288.807656 sending message 108 to peer 0x138008000 (32 bytes)
1731548288.807663 sending message 112 to peer 0x138008000 (70 bytes)
1731548288.807668 sending message 112 to peer 0x138008000 (5 bytes)
1731548288.807674 sending message 112 to peer 0x138008000 (5 bytes)
1731548288.807680 sending message 112 to peer 0x138008000 (6 bytes)
1731548288.807687 sending message 112 to peer 0x138008000 (6 bytes)
1731548288.807694 sending message 112 to peer 0x138008000 (11 bytes)
1731548288.807702 sending message 112 to peer 0x138008000 (10 bytes)
1731548288.807708 sending message 112 to peer 0x138008000 (13 bytes)
1731548288.807714 sending message 112 to peer 0x138008000 (13 bytes)
1731548288.807720 sending message 112 to peer 0x138008000 (18 bytes)
1731548288.807727 sending message 112 to peer 0x138008000 (11 bytes)
1731548288.807733 sending message 112 to peer 0x138008000 (10 bytes)
1731548288.807738 sending message 112 to peer 0x138008000 (15 bytes)
1731548288.807743 sending message 112 to peer 0x138008000 (21 bytes)
1731548288.807749 sending message 112 to peer 0x138008000 (13 bytes)
1731548288.807754 sending message 112 to peer 0x138008000 (7 bytes)
1731548288.807760 sending message 112 to peer 0x138008000 (13 bytes)
1731548288.807765 sending message 112 to peer 0x138008000 (7 bytes)
1731548288.807771 sending message 112 to peer 0x138008000 (13 bytes)
1731548288.807776 sending message 112 to peer 0x138008000 (9 bytes)
1731548288.807782 sending message 112 to peer 0x138008000 (21 bytes)
1731548288.807788 sending message 112 to peer 0x138008000 (13 bytes)
1731548288.807794 sending message 112 to peer 0x138008000 (8 bytes)
1731548288.807799 sending message 112 to peer 0x138008000 (12 bytes)
1731548288.807805 sending message 112 to peer 0x138008000 (13 bytes)
1731548288.807810 sending message 112 to peer 0x138008000 (9 bytes)
1731548288.807816 sending message 112 to peer 0x138008000 (9 bytes)
1731548288.807821 sending message 112 to peer 0x138008000 (12 bytes)
1731548288.807826 sending message 112 to peer 0x138008000 (8 bytes)
1731548288.807832 sending message 112 to peer 0x138008000 (8 bytes)
1731548288.807837 sending message 112 to peer 0x138008000 (7 bytes)
1731548288.807843 sending message 112 to peer 0x138008000 (7 bytes)
1731548288.807848 sending message 112 to peer 0x138008000 (9 bytes)
1731548288.807853 sending message 112 to peer 0x138008000 (13 bytes)
1731548288.807859 sending message 112 to peer 0x138008000 (6 bytes)
1731548288.807864 sending message 112 to peer 0x138008000 (9 bytes)
1731548288.807871 sending message 112 to peer 0x138008000 (15 bytes)
1731548288.807876 sending message 112 to peer 0x138008000 (13 bytes)
1731548288.807881 sending message 112 to peer 0x138008000 (12 bytes)
1731548288.807887 sending message 112 to peer 0x138008000 (8 bytes)
1731548288.807892 sending message 112 to peer 0x138008000 (14 bytes)
1731548288.807898 sending message 112 to peer 0x138008000 (11 bytes)
1731548288.807903 sending message 112 to peer 0x138008000 (9 bytes)
1731548288.807909 sending message 112 to peer 0x138008000 (10 bytes)
1731548288.807914 sending message 112 to peer 0x138008000 (10 bytes)
1731548288.807920 sending message 112 to peer 0x138008000 (10 bytes)
1731548288.807937 sending message 112 to peer 0x138008000 (10 bytes)
1731548288.807941 sending message 112 to peer 0x138008000 (11 bytes)
1731548288.807945 sending message 112 to peer 0x138008000 (12 bytes)
1731548288.807949 sending message 112 to peer 0x138008000 (12 bytes)
1731548288.807953 sending message 112 to peer 0x138008000 (12 bytes)
1731548288.807957 sending message 112 to peer 0x138008000 (12 bytes)
1731548288.807961 sending message 112 to peer 0x138008000 (12 bytes)
1731548288.807964 sending message 112 to peer 0x138008000 (11 bytes)
1731548288.807968 sending message 112 to peer 0x138008000 (11 bytes)
1731548288.807972 sending message 112 to peer 0x138008000 (12 bytes)
1731548288.807977 sending message 112 to peer 0x138008000 (12 bytes)
1731548288.807980 sending message 112 to peer 0x138008000 (12 bytes)
1731548288.807985 sending message 112 to peer 0x138008000 (12 bytes)
1731548288.807989 sending message 112 to peer 0x138008000 (12 bytes)
1731548288.807993 sending message 112 to peer 0x138008000 (10 bytes)
1731548288.807999 sending message 112 to peer 0x138008000 (12 bytes)
1731548288.808005 sending message 112 to peer 0x138008000 (13 bytes)
1731548288.808009 sending message 112 to peer 0x138008000 (13 bytes)
1731548288.808013 sending message 112 to peer 0x138008000 (13 bytes)
1731548288.808016 sending message 112 to peer 0x138008000 (13 bytes)
1731548288.808020 sending message 112 to peer 0x138008000 (13 bytes)
1731548288.808024 sending message 112 to peer 0x138008000 (8 bytes)
1731548288.808028 sending message 112 to peer 0x138008000 (11 bytes)
1731548288.808032 sending message 112 to peer 0x138008000 (11 bytes)
1731548288.808035 sending message 112 to peer 0x138008000 (11 bytes)
1731548288.808039 sending message 112 to peer 0x138008000 (12 bytes)
1731548288.808043 sending message 112 to peer 0x138008000 (12 bytes)
1731548288.808046 sending message 112 to peer 0x138008000 (12 bytes)
1731548288.808050 sending message 112 to peer 0x138008000 (12 bytes)
1731548288.808054 sending message 112 to peer 0x138008000 (13 bytes)
1731548288.808058 sending message 112 to peer 0x138008000 (13 bytes)
1731548288.808062 sending message 112 to peer 0x138008000 (13 bytes)
1731548288.808066 sending message 112 to peer 0x138008000 (8 bytes)
1731548288.808069 sending message 112 to peer 0x138008000 (13 bytes)
1731548288.808073 sending message 112 to peer 0x138008000 (13 bytes)
1731548288.808077 sending message 112 to peer 0x138008000 (13 bytes)
1731548288.808081 sending message 112 to peer 0x138008000 (13 bytes)
1731548288.808086 sending message 112 to peer 0x138008000 (13 bytes)
1731548288.808089 sending message 112 to peer 0x138008000 (12 bytes)
1731548288.808094 sending message 112 to peer 0x138008000 (12 bytes)
1731548288.808099 sending message 112 to peer 0x138008000 (12 bytes)
1731548288.808105 sending message 112 to peer 0x138008000 (12 bytes)
1731548288.808109 sending message 112 to peer 0x138008000 (13 bytes)
1731548288.808113 sending message 112 to peer 0x138008000 (8 bytes)
1731548288.808117 sending message 112 to peer 0x138008000 (13 bytes)
1731548288.808121 sending message 112 to peer 0x138008000 (13 bytes)
1731548288.808126 sending message 112 to peer 0x138008000 (13 bytes)
1731548288.808130 sending message 112 to peer 0x138008000 (13 bytes)
1731548288.808135 sending message 112 to peer 0x138008000 (13 bytes)
1731548288.808139 sending message 112 to peer 0x138008000 (13 bytes)
1731548288.808142 sending message 112 to peer 0x138008000 (13 bytes)
1731548288.808146 sending message 112 to peer 0x138008000 (12 bytes)
1731548288.808150 sending message 112 to peer 0x138008000 (12 bytes)
1731548288.808154 sending message 112 to peer 0x138008000 (12 bytes)
1731548288.808157 sending message 112 to peer 0x138008000 (8 bytes)
1731548288.808161 sending message 112 to peer 0x138008000 (12 bytes)
1731548288.808165 sending message 112 to peer 0x138008000 (13 bytes)
1731548288.808168 sending message 112 to peer 0x138008000 (13 bytes)
1731548288.808172 sending message 112 to peer 0x138008000 (13 bytes)
1731548288.808177 sending message 112 to peer 0x138008000 (13 bytes)
1731548288.808192 sending message 112 to peer 0x138008000 (13 bytes)
1731548288.808198 sending message 112 to peer 0x138008000 (13 bytes)
1731548288.808202 sending message 112 to peer 0x138008000 (13 bytes)
1731548288.808206 sending message 112 to peer 0x138008000 (13 bytes)
1731548288.808210 sending message 112 to peer 0x138008000 (12 bytes)
1731548288.808214 sending message 112 to peer 0x138008000 (10 bytes)
1731548288.808217 sending message 112 to peer 0x138008000 (12 bytes)
1731548288.808221 sending message 112 to peer 0x138008000 (12 bytes)
1731548288.808225 sending message 112 to peer 0x138008000 (12 bytes)
1731548288.808229 sending message 112 to peer 0x138008000 (13 bytes)
1731548288.808233 sending message 112 to peer 0x138008000 (13 bytes)
1731548288.808236 sending message 112 to peer 0x138008000 (13 bytes)
1731548288.808239 sending message 112 to peer 0x138008000 (13 bytes)
1731548288.808242 sending message 112 to peer 0x138008000 (13 bytes)
1731548288.808245 sending message 112 to peer 0x138008000 (13 bytes)
1731548288.808249 sending message 112 to peer 0x138008000 (13 bytes)
1731548288.808252 sending message 112 to peer 0x138008000 (10 bytes)
1731548288.808255 sending message 112 to peer 0x138008000 (13 bytes)
1731548288.808258 sending message 112 to peer 0x138008000 (12 bytes)
1731548288.808261 sending message 112 to peer 0x138008000 (12 bytes)
1731548288.808264 sending message 112 to peer 0x138008000 (12 bytes)
1731548288.808267 sending message 112 to peer 0x138008000 (10 bytes)
1731548288.808271 sending message 112 to peer 0x138008000 (10 bytes)
1731548288.808274 sending message 112 to peer 0x138008000 (10 bytes)
1731548288.808277 sending message 112 to peer 0x138008000 (12 bytes)
1731548288.808280 sending message 112 to peer 0x138008000 (13 bytes)
1731548288.808283 sending message 112 to peer 0x138008000 (13 bytes)
1731548288.808286 sending message 112 to peer 0x138008000 (13 bytes)
1731548288.808290 sending message 112 to peer 0x138008000 (13 bytes)
1731548288.808293 sending message 112 to peer 0x138008000 (13 bytes)
1731548288.808296 sending message 112 to peer 0x138008000 (11 bytes)
1731548288.808299 sending message 112 to peer 0x138008000 (11 bytes)
1731548288.808302 sending message 112 to peer 0x138008000 (12 bytes)
1731548288.808305 sending message 112 to peer 0x138008000 (12 bytes)
1731548288.808309 sending message 112 to peer 0x138008000 (12 bytes)
1731548288.808312 sending message 112 to peer 0x138008000 (12 bytes)
1731548288.808315 sending message 112 to peer 0x138008000 (12 bytes)
1731548288.808319 sending message 112 to peer 0x138008000 (11 bytes)
1731548288.808323 sending message 112 to peer 0x138008000 (12 bytes)
1731548288.808326 sending message 112 to peer 0x138008000 (12 bytes)
1731548288.808329 sending message 112 to peer 0x138008000 (13 bytes)
1731548288.808332 sending message 112 to peer 0x138008000 (13 bytes)
1731548288.808336 sending message 112 to peer 0x138008000 (13 bytes)
1731548288.808339 sending message 112 to peer 0x138008000 (13 bytes)
1731548288.808342 sending message 112 to peer 0x138008000 (13 bytes)
1731548288.808345 sending message 112 to peer 0x138008000 (10 bytes)
1731548288.808348 sending message 112 to peer 0x138008000 (9 bytes)
1731548288.808351 sending message 112 to peer 0x138008000 (12 bytes)
1731548288.808355 sending message 112 to peer 0x138008000 (13 bytes)
1731548288.808358 sending message 112 to peer 0x138008000 (13 bytes)
1731548288.808361 sending message 112 to peer 0x138008000 (13 bytes)
1731548288.808364 sending message 112 to peer 0x138008000 (13 bytes)
1731548288.808367 sending message 112 to peer 0x138008000 (13 bytes)
1731548288.808371 sending message 112 to peer 0x138008000 (9 bytes)
1731548288.808374 sending message 112 to peer 0x138008000 (12 bytes)
1731548288.808377 sending message 112 to peer 0x138008000 (13 bytes)
1731548288.808380 sending message 112 to peer 0x138008000 (13 bytes)
1731548288.808383 sending message 112 to peer 0x138008000 (13 bytes)
1731548288.808387 sending message 112 to peer 0x138008000 (13 bytes)
1731548288.808396 sending message 112 to peer 0x138008000 (13 bytes)
1731548288.808399 sending message 112 to peer 0x138008000 (11 bytes)
1731548288.808403 sending message 112 to peer 0x138008000 (12 bytes)
1731548288.808406 sending message 112 to peer 0x138008000 (13 bytes)
1731548288.808409 sending message 112 to peer 0x138008000 (13 bytes)
1731548288.808412 sending message 112 to peer 0x138008000 (13 bytes)
1731548288.808415 sending message 112 to peer 0x138008000 (13 bytes)
1731548288.808418 sending message 112 to peer 0x138008000 (13 bytes)
1731548288.808422 sending message 112 to peer 0x138008000 (11 bytes)
1731548288.808425 sending message 112 to peer 0x138008000 (12 bytes)
1731548288.808428 sending message 112 to peer 0x138008000 (12 bytes)
1731548288.808431 sending message 112 to peer 0x138008000 (12 bytes)
1731548288.808435 sending message 112 to peer 0x138008000 (12 bytes)
1731548288.808438 sending message 112 to peer 0x138008000 (12 bytes)
1731548288.808441 sending message 112 to peer 0x138008000 (21 bytes)
1731548288.808444 sending message 112 to peer 0x138008000 (12 bytes)
1731548288.808447 sending message 112 to peer 0x138008000 (9 bytes)
1731548288.808450 sending message 112 to peer 0x138008000 (6 bytes)
1731548288.808454 sending message 112 to peer 0x138008000 (13 bytes)
1731548288.808458 sending message 112 to peer 0x138008000 (8 bytes)
1731548288.808461 sending message 112 to peer 0x138008000 (15 bytes)
1731548288.808466 sending message 112 to peer 0x138008000 (13 bytes)
1731548288.808471 sending message 112 to peer 0x138008000 (9 bytes)
1731548288.808477 sending message 112 to peer 0x138008000 (70 bytes)
1731548288.808482 sending message 112 to peer 0x138008000 (69 bytes)
1731548288.808487 sending message 112 to peer 0x138008000 (10 bytes)
1731548288.808490 sending message 112 to peer 0x138008000 (10 bytes)
1731548288.808493 sending message 112 to peer 0x138008000 (8 bytes)
1731548288.808497 sending message 112 to peer 0x138008000 (15 bytes)
1731548288.808501 sending message 112 to peer 0x138008000 (13 bytes)
1731548288.808504 sending message 112 to peer 0x138008000 (10 bytes)
1731548288.808507 sending message 112 to peer 0x138008000 (10 bytes)
1731548288.808510 sending message 112 to peer 0x138008000 (17 bytes)
1731548288.808515 sending message 112 to peer 0x138008000 (10 bytes)
1731548288.808520 sending message 112 to peer 0x138008000 (13 bytes)
1731548288.808526 sending message 112 to peer 0x138008000 (9 bytes)
1731548288.808529 sending message 112 to peer 0x138008000 (5 bytes)
1731548288.808532 sending message 112 to peer 0x138008000 (15 bytes)
1731548288.808537 sending message 104 to peer 0x138008000 (0 bytes)
1731548288.808541 sending message 110 to peer 0x138008000 (0 bytes)
1731548288.808544 sending message 107 to peer 0x138008000 (4 bytes)
1731548288.808548 sending message 105 to peer 0x138008000 (58 bytes)
1731548288.808551 sending message 105 to peer 0x138008000 (19 bytes)
1731548288.808554 sending message 105 to peer 0x138008000 (20 bytes)
1731548288.808557 sending message 105 to peer 0x138008000 (22 bytes)
1731548288.808561 sending message 105 to peer 0x138008000 (15 bytes)
1731548288.808564 sending message 105 to peer 0x138008000 (37 bytes)
1731548288.808567 sending message 105 to peer 0x138008000 (30 bytes)
1731548288.808570 sending message 105 to peer 0x138008000 (34 bytes)
1731548288.808574 sending message 105 to peer 0x138008000 (60 bytes)
1731548288.808578 sending message 105 to peer 0x138008000 (72 bytes)
1731548288.808581 sending message 105 to peer 0x138008000 (39 bytes)
1731548288.808585 sending message 105 to peer 0x138008000 (15 bytes)
1731548288.808588 sending message 105 to peer 0x138008000 (60 bytes)
1731548288.808593 sending message 105 to peer 0x138008000 (18 bytes)
1731548288.808596 sending message 105 to peer 0x138008000 (17 bytes)
1731548288.808599 sending message 105 to peer 0x138008000 (8 bytes)
1731548288.808603 sending message 105 to peer 0x138008000 (11 bytes)
1731548288.808606 sending message 105 to peer 0x138008000 (32 bytes)
1731548288.808617 sending message 105 to peer 0x138008000 (96 bytes)
1731548288.808621 sending message 105 to peer 0x138008000 (54 bytes)
1731548288.808624 sending message 105 to peer 0x138008000 (141 bytes)
1731548288.808628 sending message 105 to peer 0x138008000 (54 bytes)
1731548288.808631 sending message 105 to peer 0x138008000 (39 bytes)
1731548288.808634 sending message 105 to peer 0x138008000 (11 bytes)
1731548288.808638 sending message 105 to peer 0x138008000 (895 bytes)
1731548288.808641 sending message 105 to peer 0x138008000 (33 bytes)
1731548288.808644 sending message 105 to peer 0x138008000 (36 bytes)
1731548288.808648 sending message 105 to peer 0x138008000 (24 bytes)
1731548288.808651 sending message 105 to peer 0x138008000 (15 bytes)
1731548288.808654 sending message 105 to peer 0x138008000 (8 bytes)
1731548288.808657 sending message 105 to peer 0x138008000 (66 bytes)
1731548288.808661 sending message 105 to peer 0x138008000 (38 bytes)
1731548288.808664 sending message 105 to peer 0x138008000 (19 bytes)
1731548288.808667 sending message 105 to peer 0x138008000 (19 bytes)
1731548288.808670 sending message 105 to peer 0x138008000 (67 bytes)
1731548288.808673 sending message 105 to peer 0x138008000 (18 bytes)
1731548288.808683 sending message 105 to peer 0x138008000 (25 bytes)
1731548288.808686 sending message 105 to peer 0x138008000 (57 bytes)
1731548288.808690 sending message 105 to peer 0x138008000 (42 bytes)
1731548288.808693 sending message 105 to peer 0x138008000 (13 bytes)
1731548288.808696 sending message 105 to peer 0x138008000 (57 bytes)
1731548288.808699 sending message 105 to peer 0x138008000 (8 bytes)
1731548288.808702 sending message 105 to peer 0x138008000 (14 bytes)
1731548288.808706 sending message 105 to peer 0x138008000 (14 bytes)
1731548288.808709 sending message 105 to peer 0x138008000 (19 bytes)
1731548288.808712 sending message 105 to peer 0x138008000 (37 bytes)
1731548288.808715 sending message 105 to peer 0x138008000 (42 bytes)
1731548288.808718 sending message 105 to peer 0x138008000 (34 bytes)
1731548288.808721 sending message 105 to peer 0x138008000 (25 bytes)
1731548288.808724 sending message 106 to peer 0x138008000 (0 bytes)
1731548288.808790 sending message 200 to peer 0x138008000 (4 bytes)
1731548288.808797 client loop enter
1731548288.809015 peer 0x138008000 message 303
1731548288.809022 open write file 2 -
1731548288.809032 sending message 305 to peer 0x138008000 (8 bytes)
1731548288.809044 write check file 2
1731548288.809068 peer 0x138008000 message 304
1731548288.809073 write 58 to file 2
1731548288.809077 peer 0x138008000 message 203
1731548288.809081 file 2 58 bytes left
1731548288.809096 write check file 2
1731548288.809100 client loop exit
