1731548451.228756 client started (26449): version 3.5a, socket /private/tmp/tmux-501/default, protocol 8
1731548451.228805 on Darwin 24.1.0 Darwin Kernel Version 24.1.0: Thu Oct 10 21:05:23 PDT 2024; root:xnu-11215.41.3~2/RELEASE_ARM64_T6031
1731548451.228819 using libevent 2.1.12-stable select
1731548451.228832 using utf8proc 2.9.0
1731548451.228843 using ncurses 6.5 20240427
1731548451.228865 flags are 0x10010000
1731548451.228875 socket is /private/tmp/tmux-501/default
1731548451.228889 trying connect
1731548451.228944 add peer 0x118008000: 6 (0x0)
1731548451.230837 sending message 111 to peer 0x118008000 (8 bytes)
1731548451.230862 sending message 111 to peer 0x118008000 (8 bytes)
1731548451.230871 sending message 101 to peer 0x118008000 (14 bytes)
1731548451.230879 sending message 109 to peer 0x118008000 (4 bytes)
1731548451.230886 sending message 102 to peer 0x118008000 (13 bytes)
1731548451.230894 sending message 108 to peer 0x118008000 (32 bytes)
1731548451.230901 sending message 112 to peer 0x118008000 (70 bytes)
1731548451.230909 sending message 112 to peer 0x118008000 (5 bytes)
1731548451.230916 sending message 112 to peer 0x118008000 (5 bytes)
1731548451.230923 sending message 112 to peer 0x118008000 (6 bytes)
1731548451.230931 sending message 112 to peer 0x118008000 (6 bytes)
1731548451.230938 sending message 112 to peer 0x118008000 (11 bytes)
1731548451.230945 sending message 112 to peer 0x118008000 (10 bytes)
1731548451.230952 sending message 112 to peer 0x118008000 (13 bytes)
1731548451.230959 sending message 112 to peer 0x118008000 (13 bytes)
1731548451.230967 sending message 112 to peer 0x118008000 (18 bytes)
1731548451.230974 sending message 112 to peer 0x118008000 (11 bytes)
1731548451.230981 sending message 112 to peer 0x118008000 (10 bytes)
1731548451.230988 sending message 112 to peer 0x118008000 (15 bytes)
1731548451.230996 sending message 112 to peer 0x118008000 (21 bytes)
1731548451.231003 sending message 112 to peer 0x118008000 (13 bytes)
1731548451.231010 sending message 112 to peer 0x118008000 (7 bytes)
1731548451.231017 sending message 112 to peer 0x118008000 (13 bytes)
1731548451.231025 sending message 112 to peer 0x118008000 (7 bytes)
1731548451.231032 sending message 112 to peer 0x118008000 (13 bytes)
1731548451.231039 sending message 112 to peer 0x118008000 (9 bytes)
1731548451.231046 sending message 112 to peer 0x118008000 (21 bytes)
1731548451.231053 sending message 112 to peer 0x118008000 (13 bytes)
1731548451.231061 sending message 112 to peer 0x118008000 (8 bytes)
1731548451.231068 sending message 112 to peer 0x118008000 (12 bytes)
1731548451.231075 sending message 112 to peer 0x118008000 (13 bytes)
1731548451.231083 sending message 112 to peer 0x118008000 (9 bytes)
1731548451.231090 sending message 112 to peer 0x118008000 (9 bytes)
1731548451.231097 sending message 112 to peer 0x118008000 (12 bytes)
1731548451.231104 sending message 112 to peer 0x118008000 (8 bytes)
1731548451.231111 sending message 112 to peer 0x118008000 (8 bytes)
1731548451.231118 sending message 112 to peer 0x118008000 (7 bytes)
1731548451.231126 sending message 112 to peer 0x118008000 (7 bytes)
1731548451.231133 sending message 112 to peer 0x118008000 (9 bytes)
1731548451.231141 sending message 112 to peer 0x118008000 (13 bytes)
1731548451.231149 sending message 112 to peer 0x118008000 (6 bytes)
1731548451.231156 sending message 112 to peer 0x118008000 (9 bytes)
1731548451.231163 sending message 112 to peer 0x118008000 (15 bytes)
1731548451.231170 sending message 112 to peer 0x118008000 (13 bytes)
1731548451.231178 sending message 112 to peer 0x118008000 (12 bytes)
1731548451.231185 sending message 112 to peer 0x118008000 (8 bytes)
1731548451.231192 sending message 112 to peer 0x118008000 (14 bytes)
1731548451.231199 sending message 112 to peer 0x118008000 (11 bytes)
1731548451.231206 sending message 112 to peer 0x118008000 (9 bytes)
1731548451.231213 sending message 112 to peer 0x118008000 (10 bytes)
1731548451.231220 sending message 112 to peer 0x118008000 (10 bytes)
1731548451.231228 sending message 112 to peer 0x118008000 (10 bytes)
1731548451.231248 sending message 112 to peer 0x118008000 (10 bytes)
1731548451.231254 sending message 112 to peer 0x118008000 (11 bytes)
1731548451.231259 sending message 112 to peer 0x118008000 (12 bytes)
1731548451.231264 sending message 112 to peer 0x118008000 (12 bytes)
1731548451.231269 sending message 112 to peer 0x118008000 (12 bytes)
1731548451.231274 sending message 112 to peer 0x118008000 (12 bytes)
1731548451.231280 sending message 112 to peer 0x118008000 (12 bytes)
1731548451.231285 sending message 112 to peer 0x118008000 (11 bytes)
1731548451.231290 sending message 112 to peer 0x118008000 (11 bytes)
1731548451.231295 sending message 112 to peer 0x118008000 (12 bytes)
1731548451.231300 sending message 112 to peer 0x118008000 (12 bytes)
1731548451.231305 sending message 112 to peer 0x118008000 (12 bytes)
1731548451.231310 sending message 112 to peer 0x118008000 (12 bytes)
1731548451.231315 sending message 112 to peer 0x118008000 (12 bytes)
1731548451.231320 sending message 112 to peer 0x118008000 (10 bytes)
1731548451.231325 sending message 112 to peer 0x118008000 (12 bytes)
1731548451.231330 sending message 112 to peer 0x118008000 (13 bytes)
1731548451.231335 sending message 112 to peer 0x118008000 (13 bytes)
1731548451.231340 sending message 112 to peer 0x118008000 (13 bytes)
1731548451.231346 sending message 112 to peer 0x118008000 (13 bytes)
1731548451.231351 sending message 112 to peer 0x118008000 (13 bytes)
1731548451.231356 sending message 112 to peer 0x118008000 (8 bytes)
1731548451.231361 sending message 112 to peer 0x118008000 (11 bytes)
1731548451.231366 sending message 112 to peer 0x118008000 (11 bytes)
1731548451.231371 sending message 112 to peer 0x118008000 (11 bytes)
1731548451.231376 sending message 112 to peer 0x118008000 (12 bytes)
1731548451.231381 sending message 112 to peer 0x118008000 (12 bytes)
1731548451.231386 sending message 112 to peer 0x118008000 (12 bytes)
1731548451.231391 sending message 112 to peer 0x118008000 (12 bytes)
1731548451.231396 sending message 112 to peer 0x118008000 (13 bytes)
1731548451.231401 sending message 112 to peer 0x118008000 (13 bytes)
1731548451.231406 sending message 112 to peer 0x118008000 (13 bytes)
1731548451.231411 sending message 112 to peer 0x118008000 (8 bytes)
1731548451.231416 sending message 112 to peer 0x118008000 (13 bytes)
1731548451.231421 sending message 112 to peer 0x118008000 (13 bytes)
1731548451.231426 sending message 112 to peer 0x118008000 (13 bytes)
1731548451.231431 sending message 112 to peer 0x118008000 (13 bytes)
1731548451.231436 sending message 112 to peer 0x118008000 (13 bytes)
1731548451.231441 sending message 112 to peer 0x118008000 (12 bytes)
1731548451.231446 sending message 112 to peer 0x118008000 (12 bytes)
1731548451.231451 sending message 112 to peer 0x118008000 (12 bytes)
1731548451.231456 sending message 112 to peer 0x118008000 (12 bytes)
1731548451.231461 sending message 112 to peer 0x118008000 (13 bytes)
1731548451.231466 sending message 112 to peer 0x118008000 (8 bytes)
1731548451.231471 sending message 112 to peer 0x118008000 (13 bytes)
1731548451.231476 sending message 112 to peer 0x118008000 (13 bytes)
1731548451.231481 sending message 112 to peer 0x118008000 (13 bytes)
1731548451.231487 sending message 112 to peer 0x118008000 (13 bytes)
1731548451.231492 sending message 112 to peer 0x118008000 (13 bytes)
1731548451.231497 sending message 112 to peer 0x118008000 (13 bytes)
1731548451.231502 sending message 112 to peer 0x118008000 (13 bytes)
1731548451.231507 sending message 112 to peer 0x118008000 (12 bytes)
1731548451.231512 sending message 112 to peer 0x118008000 (12 bytes)
1731548451.231517 sending message 112 to peer 0x118008000 (12 bytes)
1731548451.231522 sending message 112 to peer 0x118008000 (8 bytes)
1731548451.231527 sending message 112 to peer 0x118008000 (12 bytes)
1731548451.231532 sending message 112 to peer 0x118008000 (13 bytes)
1731548451.231537 sending message 112 to peer 0x118008000 (13 bytes)
1731548451.231542 sending message 112 to peer 0x118008000 (13 bytes)
1731548451.231547 sending message 112 to peer 0x118008000 (13 bytes)
1731548451.231560 sending message 112 to peer 0x118008000 (13 bytes)
1731548451.231565 sending message 112 to peer 0x118008000 (13 bytes)
1731548451.231570 sending message 112 to peer 0x118008000 (13 bytes)
1731548451.231575 sending message 112 to peer 0x118008000 (13 bytes)
1731548451.231580 sending message 112 to peer 0x118008000 (12 bytes)
1731548451.231586 sending message 112 to peer 0x118008000 (10 bytes)
1731548451.231591 sending message 112 to peer 0x118008000 (12 bytes)
1731548451.231596 sending message 112 to peer 0x118008000 (12 bytes)
1731548451.231601 sending message 112 to peer 0x118008000 (12 bytes)
1731548451.231606 sending message 112 to peer 0x118008000 (13 bytes)
1731548451.231611 sending message 112 to peer 0x118008000 (13 bytes)
1731548451.231616 sending message 112 to peer 0x118008000 (13 bytes)
1731548451.231621 sending message 112 to peer 0x118008000 (13 bytes)
1731548451.231626 sending message 112 to peer 0x118008000 (13 bytes)
1731548451.231631 sending message 112 to peer 0x118008000 (13 bytes)
1731548451.231636 sending message 112 to peer 0x118008000 (13 bytes)
1731548451.231641 sending message 112 to peer 0x118008000 (10 bytes)
1731548451.231646 sending message 112 to peer 0x118008000 (13 bytes)
1731548451.231651 sending message 112 to peer 0x118008000 (12 bytes)
1731548451.231656 sending message 112 to peer 0x118008000 (12 bytes)
1731548451.231661 sending message 112 to peer 0x118008000 (12 bytes)
1731548451.231666 sending message 112 to peer 0x118008000 (10 bytes)
1731548451.231671 sending message 112 to peer 0x118008000 (10 bytes)
1731548451.231676 sending message 112 to peer 0x118008000 (10 bytes)
1731548451.231681 sending message 112 to peer 0x118008000 (12 bytes)
1731548451.231687 sending message 112 to peer 0x118008000 (13 bytes)
1731548451.231692 sending message 112 to peer 0x118008000 (13 bytes)
1731548451.231697 sending message 112 to peer 0x118008000 (13 bytes)
1731548451.231702 sending message 112 to peer 0x118008000 (13 bytes)
1731548451.231707 sending message 112 to peer 0x118008000 (13 bytes)
1731548451.231712 sending message 112 to peer 0x118008000 (11 bytes)
1731548451.231717 sending message 112 to peer 0x118008000 (11 bytes)
1731548451.231722 sending message 112 to peer 0x118008000 (12 bytes)
1731548451.231727 sending message 112 to peer 0x118008000 (12 bytes)
1731548451.231732 sending message 112 to peer 0x118008000 (12 bytes)
1731548451.231737 sending message 112 to peer 0x118008000 (12 bytes)
1731548451.231742 sending message 112 to peer 0x118008000 (12 bytes)
1731548451.231747 sending message 112 to peer 0x118008000 (11 bytes)
1731548451.231752 sending message 112 to peer 0x118008000 (12 bytes)
1731548451.231757 sending message 112 to peer 0x118008000 (12 bytes)
1731548451.231762 sending message 112 to peer 0x118008000 (13 bytes)
1731548451.231767 sending message 112 to peer 0x118008000 (13 bytes)
1731548451.231773 sending message 112 to peer 0x118008000 (13 bytes)
1731548451.231778 sending message 112 to peer 0x118008000 (13 bytes)
1731548451.231783 sending message 112 to peer 0x118008000 (13 bytes)
1731548451.231788 sending message 112 to peer 0x118008000 (10 bytes)
1731548451.231793 sending message 112 to peer 0x118008000 (9 bytes)
1731548451.231798 sending message 112 to peer 0x118008000 (12 bytes)
1731548451.231803 sending message 112 to peer 0x118008000 (13 bytes)
1731548451.231808 sending message 112 to peer 0x118008000 (13 bytes)
1731548451.231813 sending message 112 to peer 0x118008000 (13 bytes)
1731548451.231818 sending message 112 to peer 0x118008000 (13 bytes)
1731548451.231823 sending message 112 to peer 0x118008000 (13 bytes)
1731548451.231828 sending message 112 to peer 0x118008000 (9 bytes)
1731548451.231833 sending message 112 to peer 0x118008000 (12 bytes)
1731548451.231838 sending message 112 to peer 0x118008000 (13 bytes)
1731548451.231843 sending message 112 to peer 0x118008000 (13 bytes)
1731548451.231848 sending message 112 to peer 0x118008000 (13 bytes)
1731548451.231853 sending message 112 to peer 0x118008000 (13 bytes)
1731548451.231865 sending message 112 to peer 0x118008000 (13 bytes)
1731548451.231871 sending message 112 to peer 0x118008000 (11 bytes)
1731548451.231876 sending message 112 to peer 0x118008000 (12 bytes)
1731548451.231881 sending message 112 to peer 0x118008000 (13 bytes)
1731548451.231886 sending message 112 to peer 0x118008000 (13 bytes)
1731548451.231891 sending message 112 to peer 0x118008000 (13 bytes)
1731548451.231896 sending message 112 to peer 0x118008000 (13 bytes)
1731548451.231901 sending message 112 to peer 0x118008000 (13 bytes)
1731548451.231907 sending message 112 to peer 0x118008000 (11 bytes)
1731548451.231912 sending message 112 to peer 0x118008000 (12 bytes)
1731548451.231917 sending message 112 to peer 0x118008000 (12 bytes)
1731548451.231922 sending message 112 to peer 0x118008000 (12 bytes)
1731548451.231927 sending message 112 to peer 0x118008000 (12 bytes)
1731548451.231932 sending message 112 to peer 0x118008000 (12 bytes)
1731548451.231937 sending message 112 to peer 0x118008000 (21 bytes)
1731548451.231942 sending message 112 to peer 0x118008000 (12 bytes)
1731548451.231947 sending message 112 to peer 0x118008000 (9 bytes)
1731548451.231953 sending message 112 to peer 0x118008000 (6 bytes)
1731548451.231958 sending message 112 to peer 0x118008000 (13 bytes)
1731548451.231964 sending message 112 to peer 0x118008000 (8 bytes)
1731548451.231970 sending message 112 to peer 0x118008000 (15 bytes)
1731548451.231976 sending message 112 to peer 0x118008000 (13 bytes)
1731548451.231983 sending message 112 to peer 0x118008000 (9 bytes)
1731548451.231990 sending message 112 to peer 0x118008000 (70 bytes)
1731548451.231997 sending message 112 to peer 0x118008000 (69 bytes)
1731548451.232003 sending message 112 to peer 0x118008000 (10 bytes)
1731548451.232009 sending message 112 to peer 0x118008000 (10 bytes)
1731548451.232014 sending message 112 to peer 0x118008000 (8 bytes)
1731548451.232020 sending message 112 to peer 0x118008000 (15 bytes)
1731548451.232025 sending message 112 to peer 0x118008000 (13 bytes)
1731548451.232031 sending message 112 to peer 0x118008000 (10 bytes)
1731548451.232036 sending message 112 to peer 0x118008000 (10 bytes)
1731548451.232042 sending message 112 to peer 0x118008000 (17 bytes)
1731548451.232047 sending message 112 to peer 0x118008000 (10 bytes)
1731548451.232052 sending message 112 to peer 0x118008000 (13 bytes)
1731548451.232058 sending message 112 to peer 0x118008000 (9 bytes)
1731548451.232063 sending message 112 to peer 0x118008000 (5 bytes)
1731548451.232068 sending message 112 to peer 0x118008000 (15 bytes)
1731548451.232074 sending message 104 to peer 0x118008000 (0 bytes)
1731548451.232081 sending message 110 to peer 0x118008000 (0 bytes)
1731548451.232086 sending message 107 to peer 0x118008000 (4 bytes)
1731548451.232091 sending message 105 to peer 0x118008000 (58 bytes)
1731548451.232096 sending message 105 to peer 0x118008000 (19 bytes)
1731548451.232101 sending message 105 to peer 0x118008000 (20 bytes)
1731548451.232106 sending message 105 to peer 0x118008000 (22 bytes)
1731548451.232111 sending message 105 to peer 0x118008000 (15 bytes)
1731548451.232117 sending message 105 to peer 0x118008000 (37 bytes)
1731548451.232122 sending message 105 to peer 0x118008000 (30 bytes)
1731548451.232127 sending message 105 to peer 0x118008000 (34 bytes)
1731548451.232132 sending message 105 to peer 0x118008000 (60 bytes)
1731548451.232137 sending message 105 to peer 0x118008000 (72 bytes)
1731548451.232142 sending message 105 to peer 0x118008000 (39 bytes)
1731548451.232147 sending message 105 to peer 0x118008000 (15 bytes)
1731548451.232152 sending message 105 to peer 0x118008000 (60 bytes)
1731548451.232157 sending message 105 to peer 0x118008000 (18 bytes)
1731548451.232162 sending message 105 to peer 0x118008000 (17 bytes)
1731548451.232168 sending message 105 to peer 0x118008000 (8 bytes)
1731548451.232174 sending message 105 to peer 0x118008000 (11 bytes)
1731548451.232180 sending message 105 to peer 0x118008000 (32 bytes)
1731548451.232194 sending message 105 to peer 0x118008000 (96 bytes)
1731548451.232200 sending message 105 to peer 0x118008000 (54 bytes)
1731548451.232205 sending message 105 to peer 0x118008000 (141 bytes)
1731548451.232210 sending message 105 to peer 0x118008000 (54 bytes)
1731548451.232215 sending message 105 to peer 0x118008000 (39 bytes)
1731548451.232220 sending message 105 to peer 0x118008000 (11 bytes)
1731548451.232225 sending message 105 to peer 0x118008000 (895 bytes)
1731548451.232231 sending message 105 to peer 0x118008000 (33 bytes)
1731548451.232236 sending message 105 to peer 0x118008000 (36 bytes)
1731548451.232241 sending message 105 to peer 0x118008000 (24 bytes)
1731548451.232246 sending message 105 to peer 0x118008000 (15 bytes)
1731548451.232251 sending message 105 to peer 0x118008000 (8 bytes)
1731548451.232256 sending message 105 to peer 0x118008000 (66 bytes)
1731548451.232261 sending message 105 to peer 0x118008000 (38 bytes)
1731548451.232266 sending message 105 to peer 0x118008000 (19 bytes)
1731548451.232271 sending message 105 to peer 0x118008000 (19 bytes)
1731548451.232276 sending message 105 to peer 0x118008000 (67 bytes)
1731548451.232281 sending message 105 to peer 0x118008000 (18 bytes)
1731548451.232290 sending message 105 to peer 0x118008000 (25 bytes)
1731548451.232295 sending message 105 to peer 0x118008000 (57 bytes)
1731548451.232301 sending message 105 to peer 0x118008000 (42 bytes)
1731548451.232306 sending message 105 to peer 0x118008000 (13 bytes)
1731548451.232311 sending message 105 to peer 0x118008000 (57 bytes)
1731548451.232316 sending message 105 to peer 0x118008000 (8 bytes)
1731548451.232321 sending message 105 to peer 0x118008000 (14 bytes)
1731548451.232326 sending message 105 to peer 0x118008000 (14 bytes)
1731548451.232331 sending message 105 to peer 0x118008000 (19 bytes)
1731548451.232336 sending message 105 to peer 0x118008000 (37 bytes)
1731548451.232341 sending message 105 to peer 0x118008000 (42 bytes)
1731548451.232346 sending message 105 to peer 0x118008000 (34 bytes)
1731548451.232351 sending message 105 to peer 0x118008000 (25 bytes)
1731548451.232356 sending message 106 to peer 0x118008000 (0 bytes)
1731548451.232420 sending message 200 to peer 0x118008000 (4 bytes)
1731548451.232428 client loop enter
1731548451.232671 peer 0x118008000 message 303
1731548451.232681 open write file 2 -
1731548451.232692 sending message 305 to peer 0x118008000 (8 bytes)
1731548451.232703 write check file 2
1731548451.232741 peer 0x118008000 message 304
1731548451.232749 write 58 to file 2
1731548451.232755 peer 0x118008000 message 203
1731548451.232762 file 2 58 bytes left
1731548451.232777 write check file 2
1731548451.232783 client loop exit
